<?xml version="1.0" encoding="UTF-8"?>
<testng-results skipped="0" failed="0" ignored="0" total="1" passed="1">
  <reporter-output>
  </reporter-output>
  <suite name="Default suite" duration-ms="28987" started-at="2022-11-13T13:46:05 IST" finished-at="2022-11-13T13:46:34 IST">
    <groups>
    </groups>
    <test name="Default test" duration-ms="28987" started-at="2022-11-13T13:46:05 IST" finished-at="2022-11-13T13:46:34 IST">
      <class name="AssertionInTestNG.TestNGWizardDemo">
        <test-method status="PASS" signature="f()[pri:0, instance:AssertionInTestNG.TestNGWizardDemo@1a3869f4]" name="f" duration-ms="28878" started-at="2022-11-13T13:46:05 IST" finished-at="2022-11-13T13:46:34 IST">
          <reporter-output>
          </reporter-output>
        </test-method> <!-- f -->
      </class> <!-- AssertionInTestNG.TestNGWizardDemo -->
    </test> <!-- Default test -->
  </suite> <!-- Default suite -->
</testng-results>
